


ARM Macro Assembler    Page 1 


    1 00000000         ;*******************************************************
                       ************************
    2 00000000         ; template for asm exerciseÅ@with RAM AREA
    3 00000000         ;*******************************************************
                       ************************
    4 00000000         
    5 00000000         
    6 00000000 00000400 
                       Stack_Size
                               EQU              0x00000400
    7 00000000         
    8 00000000 40010800 
                       GPIOA_CRL
                               EQU              0x40010800
    9 00000000 40010804 
                       GPIOA_CRH
                               EQU              0x40010804
   10 00000000 40010808 
                       GPIOA_IDR
                               EQU              0x40010808
   11 00000000 4001080C 
                       GPIOA_ODR
                               EQU              0x4001080C
   12 00000000 40010C00 
                       GPIOB_CRL
                               EQU              0x40010C00
   13 00000000 40010C04 
                       GPIOB_CRH
                               EQU              0x40010C04
   14 00000000 40010C08 
                       GPIOB_IDR
                               EQU              0x40010C08
   15 00000000 40010C0C 
                       GPIOB_ODR
                               EQU              0x40010C0C
   16 00000000 40021018 
                       RCC_APB2ENR
                               EQU              0x40021018
   17 00000000         
   18 00000000         
   19 00000000         
   20 00000000                 AREA             STACK, NOINIT, READWRITE, ALIGN
=3 
                                                            ;<--STACKÉZÉNÉVÉáÉì
                                                            ÇÕREADWRITEÇ≈RAMè„Ç
                                                            …
   21 00000000         Stack_Mem
                               SPACE            Stack_Size
   22 00000400         __initial_sp
   23 00000400         
   24 00000400         
   25 00000400                 PRESERVE8
   26 00000400                 THUMB
   27 00000400         
   28 00000400         
   29 00000400         ; Vector Table Mapped to Address 0 at Reset
   30 00000400                 AREA             RESET, DATA, READONLY ;<--Ç±Ç±Ç
                                                            ©ÇÁêÊÇÕRESETÉZÉNÉVÉ
                                                            áÉìÇ≈READONLYÇ»ÇÃÇ≈



ARM Macro Assembler    Page 2 


                                                            ROMè„Ç…
   31 00000000                 EXPORT           __Vectors
   32 00000000         
   33 00000000 00000000 
                       __Vectors
                               DCD              __initial_sp ; Top of Stack
   34 00000004 00000000        DCD              Reset_Handler ; Reset Handler
   35 00000008 00000000        DCD              NMI_Handler ; NMI Handler
   36 0000000C 00000000        DCD              HardFault_Handler ; Hard Fault 
                                                            Handler
   37 00000010 00000000        DCD              MemManage_Handler 
                                                            ; MPU Fault Handler
                                                            
   38 00000014 00000000        DCD              BusFault_Handler 
                                                            ; Bus Fault Handler
                                                            
   39 00000018 00000000        DCD              UsageFault_Handler ; Usage Faul
                                                            t Handler
   40 0000001C 00000000        DCD              0           ; Reserved
   41 00000020 00000000        DCD              0           ; Reserved
   42 00000024 00000000        DCD              0           ; Reserved
   43 00000028 00000000        DCD              0           ; Reserved
   44 0000002C 00000000        DCD              SVC_Handler ; SVCall Handler
   45 00000030 00000000        DCD              DebugMon_Handler ; Debug Monito
                                                            r Handler
   46 00000034 00000000        DCD              0           ; Reserved
   47 00000038 00000000        DCD              PendSV_Handler ; PendSV Handler
                                                            
   48 0000003C 00000000        DCD              SysTick_Handler 
                                                            ; SysTick Handler
   49 00000040         
   50 00000040         
   51 00000040                 AREA             |.text|, CODE, READONLY ;<--Ç±Ç
                                                            ±Ç©ÇÁÇÕÉvÉçÉOÉâÉÄÇÃ
                                                            ñ{ëÃÅAREADONLYÇ»ÇÃÇ
                                                            ≈ROMè„Ç…
   52 00000000         
   53 00000000         ; Reset handler
   54 00000000         Reset_Handler
                               PROC
   55 00000000                 EXPORT           Reset_Handler             [WEAK
]
   56 00000000         ; ******************************************************
                       ***************
   57 00000000         ; kadai program is here    
   58 00000000         ; ******************************************************
                       ***************
   59 00000000 4C18            LDR              R4,=RCC_APB2ENR ;É|Å|ÉgÇÃèâä˙âª
                                                            
   60 00000002 F04F 050C       MOV              R5,#0X0C
   61 00000006 6025            STR              R5,[R4]
   62 00000008 F04F 3133       LDR              R1,=0X33333333
   63 0000000C 4A16            LDR              R2,=GPIOA_CRL
   64 0000000E 6011            STR              R1,[R2]
   65 00000010 F04F 3144       LDR              R1,=0X44444444
   66 00000014 4A15            LDR              R2,=GPIOA_CRH
   67 00000016 6011            STR              R1,[R2]
   68 00000018         
   69 00000018 4B15            LDR              R3,=GPIOA_ODR



ARM Macro Assembler    Page 3 


   70 0000001A 4E16            LDR              R6,=GPIOA_IDR
   71 0000001C F04F 0200       MOV              R2,#0
   72 00000020         
   73 00000020         LOOP1
   74 00000020 4F15            LDR              R7,=data
   75 00000022 6832            LDR              R2,[R6]
   76 00000024 EA6F 0202       MVN              R2,R2
   77 00000028 EA4F 2212       LSR              R2,R2,#8
   78 0000002C F002 0203       AND              R2,R2,0X03
   79 00000030 EA4F 0282       LSL              R2,#2
   80 00000034         
   81 00000034 4417            ADD              R7,R2
   82 00000036 F8D7 8000       LDR              R8,[R7]
   83 0000003A F8C3 8000       STR              R8,[R3]
   84 0000003E         
   85 0000003E         
   86 0000003E E7EF            B                LOOP1
   87 00000040         
   88 00000040 E7FE            B                .
   89 00000042         
   90 00000042         DELAY
   91 00000042         
   92 00000042 B401            PUSH             {R0}
   93 00000044         
   94 00000044 F64F 70FF       LDR              R0,=0xFFFF
   95 00000048         
   96 00000048         DELAY_LOOP
   97 00000048         
   98 00000048 F1A0 0001       SUB              R0,#1
   99 0000004C         
  100 0000004C 2800            CMP              R0,#0
  101 0000004E         
  102 0000004E D1FB            BNE              DELAY_LOOP
  103 00000050         
  104 00000050 BC01            POP              {R0}
  105 00000052         
  106 00000052 4770            BX               LR
  107 00000054         
  108 00000054                 ENDP
  109 00000054         
  110 00000054                 ALIGN            4           ; <-- Ç±Ç±Ç≈ÇSÉoÉCÉ
                                                            gãÊêÿÇËÇ…í≤êÆ
  111 00000054         
  112 00000054         data
  113 00000054 000000C0        DCD              0XC0
  114 00000058 000000F9        DCD              0XF9
  115 0000005C 000000A4        DCD              0XA4
  116 00000060 000000B0        DCD              0XB0
  117 00000064         dataend
  118 00000064         
  119 00000064         
  120 00000064         
  121 00000064         
  122 00000064         
  123 00000064         
  124 00000064         ;  AREA MyData, DATA, READWRITE ;<--MyDataÉZÉNÉVÉáÉìÇÕÅA
                       DATAÇ≈RAMè„Ç…
  125 00000064         
  126 00000064         ;ans1  space  8



ARM Macro Assembler    Page 4 


  127 00000064         ;ans2  space  8
  128 00000064         ;endans
  129 00000064         
  130 00000064         
  131 00000064         
  132 00000064 40021018 
              40010800 
              40010804 
              4001080C 
              40010808 
              00000000         AREA             Handlers, CODE, READONLY ;<--Ha
                                                            ndlersÉZÉNÉVÉáÉìÇÕR
                                                            OMè„Ç…
  133 00000000         
  134 00000000         
  135 00000000         
  136 00000000         ; Dummy Exception Handlers (infinite loops which can be 
                       modified)
  137 00000000         
  138 00000000         NMI_Handler
                               PROC
  139 00000000                 EXPORT           NMI_Handler                [WEA
K]
  140 00000000 E7FE            B                .
  141 00000002                 ENDP
  143 00000002         HardFault_Handler
                               PROC
  144 00000002                 EXPORT           HardFault_Handler          [WEA
K]
  145 00000002 E7FE            B                .
  146 00000004                 ENDP
  148 00000004         MemManage_Handler
                               PROC
  149 00000004                 EXPORT           MemManage_Handler          [WEA
K]
  150 00000004 E7FE            B                .
  151 00000006                 ENDP
  153 00000006         BusFault_Handler
                               PROC
  154 00000006                 EXPORT           BusFault_Handler           [WEA
K]
  155 00000006 E7FE            B                .
  156 00000008                 ENDP
  158 00000008         UsageFault_Handler
                               PROC
  159 00000008                 EXPORT           UsageFault_Handler         [WEA
K]
  160 00000008 E7FE            B                .
  161 0000000A                 ENDP
  162 0000000A         SVC_Handler
                               PROC
  163 0000000A                 EXPORT           SVC_Handler                [WEA
K]
  164 0000000A E7FE            B                .
  165 0000000C                 ENDP
  167 0000000C         DebugMon_Handler
                               PROC
  168 0000000C                 EXPORT           DebugMon_Handler           [WEA
K]



ARM Macro Assembler    Page 5 


  169 0000000C E7FE            B                .
  170 0000000E                 ENDP
  171 0000000E         PendSV_Handler
                               PROC
  172 0000000E                 EXPORT           PendSV_Handler             [WEA
K]
  173 0000000E E7FE            B                .
  174 00000010                 ENDP
  175 00000010         SysTick_Handler
                               PROC
  176 00000010                 EXPORT           SysTick_Handler            [WEA
K]
  177 00000010 E7FE            B                .
  178 00000012                 ENDP
  179 00000012         
  180 00000012         
  181 00000012                 END
Command Line: --debug --xref --diag_suppress=9931 --cpu=Cortex-M3 --apcs=interw
ork --depend=.\objects\asm_7segsw.d -o.\objects\asm_7segsw.o -I.\RTE\_Target_1 
-IC:\Keil_v5\ARM\PACK\Keil\STM32F1xx_DFP\2.2.0\Device\Include -IC:\Keil_v5\ARM\
CMSIS\Include --predefine="__UVISION_VERSION SETA 524" --predefine="STM32F10X_M
D_VL SETA 1" --list=.\listings\asm_7segsw.lst asm_7segsw.s



ARM Macro Assembler    Page 1 Alphabetic symbol ordering
Relocatable symbols

STACK 00000000

Symbol: STACK
   Definitions
      At line 20 in file asm_7segsw.s
   Uses
      None
Comment: STACK unused
Stack_Mem 00000000

Symbol: Stack_Mem
   Definitions
      At line 21 in file asm_7segsw.s
   Uses
      None
Comment: Stack_Mem unused
__initial_sp 00000400

Symbol: __initial_sp
   Definitions
      At line 22 in file asm_7segsw.s
   Uses
      At line 33 in file asm_7segsw.s
Comment: __initial_sp used once
3 symbols



ARM Macro Assembler    Page 1 Alphabetic symbol ordering
Relocatable symbols

RESET 00000000

Symbol: RESET
   Definitions
      At line 30 in file asm_7segsw.s
   Uses
      None
Comment: RESET unused
__Vectors 00000000

Symbol: __Vectors
   Definitions
      At line 33 in file asm_7segsw.s
   Uses
      At line 31 in file asm_7segsw.s
Comment: __Vectors used once
2 symbols



ARM Macro Assembler    Page 1 Alphabetic symbol ordering
Relocatable symbols

.text 00000000

Symbol: .text
   Definitions
      At line 51 in file asm_7segsw.s
   Uses
      None
Comment: .text unused
DELAY 00000042

Symbol: DELAY
   Definitions
      At line 90 in file asm_7segsw.s
   Uses
      None
Comment: DELAY unused
DELAY_LOOP 00000048

Symbol: DELAY_LOOP
   Definitions
      At line 96 in file asm_7segsw.s
   Uses
      At line 102 in file asm_7segsw.s
Comment: DELAY_LOOP used once
LOOP1 00000020

Symbol: LOOP1
   Definitions
      At line 73 in file asm_7segsw.s
   Uses
      At line 86 in file asm_7segsw.s
Comment: LOOP1 used once
Reset_Handler 00000000

Symbol: Reset_Handler
   Definitions
      At line 54 in file asm_7segsw.s
   Uses
      At line 34 in file asm_7segsw.s
      At line 55 in file asm_7segsw.s

data 00000054

Symbol: data
   Definitions
      At line 112 in file asm_7segsw.s
   Uses
      At line 74 in file asm_7segsw.s
Comment: data used once
dataend 00000064

Symbol: dataend
   Definitions
      At line 117 in file asm_7segsw.s
   Uses
      None
Comment: dataend unused
7 symbols



ARM Macro Assembler    Page 1 Alphabetic symbol ordering
Relocatable symbols

BusFault_Handler 00000006

Symbol: BusFault_Handler
   Definitions
      At line 153 in file asm_7segsw.s
   Uses
      At line 38 in file asm_7segsw.s
      At line 154 in file asm_7segsw.s

DebugMon_Handler 0000000C

Symbol: DebugMon_Handler
   Definitions
      At line 167 in file asm_7segsw.s
   Uses
      At line 45 in file asm_7segsw.s
      At line 168 in file asm_7segsw.s

Handlers 00000000

Symbol: Handlers
   Definitions
      At line 132 in file asm_7segsw.s
   Uses
      None
Comment: Handlers unused
HardFault_Handler 00000002

Symbol: HardFault_Handler
   Definitions
      At line 143 in file asm_7segsw.s
   Uses
      At line 36 in file asm_7segsw.s
      At line 144 in file asm_7segsw.s

MemManage_Handler 00000004

Symbol: MemManage_Handler
   Definitions
      At line 148 in file asm_7segsw.s
   Uses
      At line 37 in file asm_7segsw.s
      At line 149 in file asm_7segsw.s

NMI_Handler 00000000

Symbol: NMI_Handler
   Definitions
      At line 138 in file asm_7segsw.s
   Uses
      At line 35 in file asm_7segsw.s
      At line 139 in file asm_7segsw.s

PendSV_Handler 0000000E

Symbol: PendSV_Handler
   Definitions
      At line 171 in file asm_7segsw.s
   Uses



ARM Macro Assembler    Page 2 Alphabetic symbol ordering
Relocatable symbols

      At line 47 in file asm_7segsw.s
      At line 172 in file asm_7segsw.s

SVC_Handler 0000000A

Symbol: SVC_Handler
   Definitions
      At line 162 in file asm_7segsw.s
   Uses
      At line 44 in file asm_7segsw.s
      At line 163 in file asm_7segsw.s

SysTick_Handler 00000010

Symbol: SysTick_Handler
   Definitions
      At line 175 in file asm_7segsw.s
   Uses
      At line 48 in file asm_7segsw.s
      At line 176 in file asm_7segsw.s

UsageFault_Handler 00000008

Symbol: UsageFault_Handler
   Definitions
      At line 158 in file asm_7segsw.s
   Uses
      At line 39 in file asm_7segsw.s
      At line 159 in file asm_7segsw.s

10 symbols



ARM Macro Assembler    Page 1 Alphabetic symbol ordering
Absolute symbols

GPIOA_CRH 40010804

Symbol: GPIOA_CRH
   Definitions
      At line 9 in file asm_7segsw.s
   Uses
      At line 66 in file asm_7segsw.s
Comment: GPIOA_CRH used once
GPIOA_CRL 40010800

Symbol: GPIOA_CRL
   Definitions
      At line 8 in file asm_7segsw.s
   Uses
      At line 63 in file asm_7segsw.s
Comment: GPIOA_CRL used once
GPIOA_IDR 40010808

Symbol: GPIOA_IDR
   Definitions
      At line 10 in file asm_7segsw.s
   Uses
      At line 70 in file asm_7segsw.s
Comment: GPIOA_IDR used once
GPIOA_ODR 4001080C

Symbol: GPIOA_ODR
   Definitions
      At line 11 in file asm_7segsw.s
   Uses
      At line 69 in file asm_7segsw.s
Comment: GPIOA_ODR used once
GPIOB_CRH 40010C04

Symbol: GPIOB_CRH
   Definitions
      At line 13 in file asm_7segsw.s
   Uses
      None
Comment: GPIOB_CRH unused
GPIOB_CRL 40010C00

Symbol: GPIOB_CRL
   Definitions
      At line 12 in file asm_7segsw.s
   Uses
      None
Comment: GPIOB_CRL unused
GPIOB_IDR 40010C08

Symbol: GPIOB_IDR
   Definitions
      At line 14 in file asm_7segsw.s
   Uses
      None
Comment: GPIOB_IDR unused
GPIOB_ODR 40010C0C

Symbol: GPIOB_ODR



ARM Macro Assembler    Page 2 Alphabetic symbol ordering
Absolute symbols

   Definitions
      At line 15 in file asm_7segsw.s
   Uses
      None
Comment: GPIOB_ODR unused
RCC_APB2ENR 40021018

Symbol: RCC_APB2ENR
   Definitions
      At line 16 in file asm_7segsw.s
   Uses
      At line 59 in file asm_7segsw.s
Comment: RCC_APB2ENR used once
Stack_Size 00000400

Symbol: Stack_Size
   Definitions
      At line 6 in file asm_7segsw.s
   Uses
      At line 21 in file asm_7segsw.s
Comment: Stack_Size used once
10 symbols
366 symbols in table
