


ARM Macro Assembler    Page 1 


    1 00000000         ;************************************************
    2 00000000         ; template for asm exercise
    3 00000000         ;************************************************
    4 00000000         
    5 00000000 00000400 
                       Stack_Size
                               EQU              0x00000400
    6 00000000         
    7 00000000                 AREA             STACK, NOINIT, READWRITE, ALIGN
=3
    8 00000000         Stack_Mem
                               SPACE            Stack_Size
    9 00000400         __initial_sp
   10 00000400         
   11 00000400         
   12 00000400         
   13 00000400         
   14 00000400                 PRESERVE8
   15 00000400                 THUMB
   16 00000400         
   17 00000400         
   18 00000400         ; Vector Table Mapped to Address 0 at Reset
   19 00000400                 AREA             RESET, DATA, READONLY
   20 00000000                 EXPORT           __Vectors
   21 00000000         ;              EXPORT  __Vectors_End
   22 00000000         ;              EXPORT  __Vectors_Size
   23 00000000         
   24 00000000 00000000 
                       __Vectors
                               DCD              __initial_sp ; Top of Stack
   25 00000004 00000000        DCD              Reset_Handler ; Reset Handler
   26 00000008 00000000        DCD              NMI_Handler ; NMI Handler
   27 0000000C 00000000        DCD              HardFault_Handler ; Hard Fault 
                                                            Handler
   28 00000010 00000000        DCD              MemManage_Handler 
                                                            ; MPU Fault Handler
                                                            
   29 00000014 00000000        DCD              BusFault_Handler 
                                                            ; Bus Fault Handler
                                                            
   30 00000018 00000000        DCD              UsageFault_Handler ; Usage Faul
                                                            t Handler
   31 0000001C 00000000        DCD              0           ; Reserved
   32 00000020 00000000        DCD              0           ; Reserved
   33 00000024 00000000        DCD              0           ; Reserved
   34 00000028 00000000        DCD              0           ; Reserved
   35 0000002C 00000000        DCD              SVC_Handler ; SVCall Handler
   36 00000030 00000000        DCD              DebugMon_Handler ; Debug Monito
                                                            r Handler
   37 00000034 00000000        DCD              0           ; Reserved
   38 00000038 00000000        DCD              PendSV_Handler ; PendSV Handler
                                                            
   39 0000003C 00000000        DCD              SysTick_Handler 
                                                            ; SysTick Handler
   40 00000040         
   41 00000040         
   42 00000040                 AREA             |.text|, CODE, READONLY
   43 00000000         
   44 00000000         ; Reset handler



ARM Macro Assembler    Page 2 


   45 00000000         Reset_Handler
                               PROC
   46 00000000                 EXPORT           Reset_Handler             [WEAK
]
   47 00000000         ; ***********************************************
   48 00000000         ; kadai program is here
   49 00000000         ; ***********************************************
   50 00000000         ; My Program
   51 00000000         
   52 00000000 F04F 0356       MOV              R3, #0x56
   53 00000004 F04F 0478       MOV              R4, #0x78
   54 00000008         
   55 00000008 EB03 0004       ADD              R0, R3, R4
   56 0000000C EBA4 0103       SUB              R1, R4, R3
   57 00000010 FB03 F204       MUL              R2, R3, R4
   58 00000014         
   59 00000014 4D03            LDR              R5, =ans1
   60 00000016 4E04            LDR              R6, =ans2
   61 00000018 4F04            LDR              R7, =ans3
   62 0000001A         
   63 0000001A 6028            STR              R0, [R5]
   64 0000001C 6031            STR              R1, [R6]
   65 0000001E 603A            STR              R2, [R7]
   66 00000020 E7FE            B                .
   67 00000022         
   68 00000022 00 00           ALIGN            4
   69 00000024         
   70 00000024                 ENDP
   71 00000024         
   72 00000024 00000000 
              00000000 
              00000000         AREA             MyDate, DATA, READWRITE
   73 00000000         
   74 00000000 00 00 00 
              00       ans1    space            4
   75 00000004 00 00 00 
              00       ans2    space            4
   76 00000008 00 00 00 
              00       ans3    space            4
   77 0000000C         endans
   78 0000000C         
   79 0000000C                 AREA             Handlers, CODE, READONLY
   80 00000000         
   81 00000000         ; Dummy Exception Handlers (infinite loops which can be 
                       modified)
   82 00000000         
   83 00000000         NMI_Handler
                               PROC
   84 00000000                 EXPORT           NMI_Handler                    
  [WEAK]
   85 00000000 E7FE            B                .
   86 00000002                 ENDP
   88 00000002         HardFault_Handler
                               PROC
   89 00000002                 EXPORT           HardFault_Handler              
  [WEAK]
   90 00000002 E7FE            B                .
   91 00000004                 ENDP
   93 00000004         MemManage_Handler



ARM Macro Assembler    Page 3 


                               PROC
   94 00000004                 EXPORT           MemManage_Handler              
  [WEAK]
   95 00000004 E7FE            B                .
   96 00000006                 ENDP
   98 00000006         BusFault_Handler
                               PROC
   99 00000006                 EXPORT           BusFault_Handler               
  [WEAK]
  100 00000006 E7FE            B                .
  101 00000008                 ENDP
  103 00000008         UsageFault_Handler
                               PROC
  104 00000008                 EXPORT           UsageFault_Handler             
  [WEAK]
  105 00000008 E7FE            B                .
  106 0000000A                 ENDP
  107 0000000A         SVC_Handler
                               PROC
  108 0000000A                 EXPORT           SVC_Handler                    
  [WEAK]
  109 0000000A E7FE            B                .
  110 0000000C                 ENDP
  112 0000000C         DebugMon_Handler
                               PROC
  113 0000000C                 EXPORT           DebugMon_Handler               
  [WEAK]
  114 0000000C E7FE            B                .
  115 0000000E                 ENDP
  116 0000000E         PendSV_Handler
                               PROC
  117 0000000E                 EXPORT           PendSV_Handler                 
  [WEAK]
  118 0000000E E7FE            B                .
  119 00000010                 ENDP
  120 00000010         SysTick_Handler
                               PROC
  121 00000010                 EXPORT           SysTick_Handler                
  [WEAK]
  122 00000010 E7FE            B                .
  123 00000012                 ENDP
  124 00000012         
  125 00000012         
  126 00000012         
  127 00000012                 END
Command Line: --debug --xref --diag_suppress=9931 --cpu=Cortex-M3 --apcs=interw
ork --depend=.\objects\asm_kadai1.d -o.\objects\asm_kadai1.o -I.\RTE\_Target_1 
-IC:\Keil_v5\ARM\PACK\Keil\STM32F1xx_DFP\2.2.0\Device\Include -IC:\Keil_v5\ARM\
CMSIS\Include --predefine="__UVISION_VERSION SETA 524" --predefine="STM32F10X_M
D_VL SETA 1" --list=.\listings\asm_kadai1.lst asm_kadai1.s



ARM Macro Assembler    Page 1 Alphabetic symbol ordering
Relocatable symbols

STACK 00000000

Symbol: STACK
   Definitions
      At line 7 in file asm_kadai1.s
   Uses
      None
Comment: STACK unused
Stack_Mem 00000000

Symbol: Stack_Mem
   Definitions
      At line 8 in file asm_kadai1.s
   Uses
      None
Comment: Stack_Mem unused
__initial_sp 00000400

Symbol: __initial_sp
   Definitions
      At line 9 in file asm_kadai1.s
   Uses
      At line 24 in file asm_kadai1.s
Comment: __initial_sp used once
3 symbols



ARM Macro Assembler    Page 1 Alphabetic symbol ordering
Relocatable symbols

RESET 00000000

Symbol: RESET
   Definitions
      At line 19 in file asm_kadai1.s
   Uses
      None
Comment: RESET unused
__Vectors 00000000

Symbol: __Vectors
   Definitions
      At line 24 in file asm_kadai1.s
   Uses
      At line 20 in file asm_kadai1.s
Comment: __Vectors used once
2 symbols



ARM Macro Assembler    Page 1 Alphabetic symbol ordering
Relocatable symbols

.text 00000000

Symbol: .text
   Definitions
      At line 42 in file asm_kadai1.s
   Uses
      None
Comment: .text unused
Reset_Handler 00000000

Symbol: Reset_Handler
   Definitions
      At line 45 in file asm_kadai1.s
   Uses
      At line 25 in file asm_kadai1.s
      At line 46 in file asm_kadai1.s

2 symbols



ARM Macro Assembler    Page 1 Alphabetic symbol ordering
Relocatable symbols

MyDate 00000000

Symbol: MyDate
   Definitions
      At line 72 in file asm_kadai1.s
   Uses
      None
Comment: MyDate unused
ans1 00000000

Symbol: ans1
   Definitions
      At line 74 in file asm_kadai1.s
   Uses
      At line 59 in file asm_kadai1.s
Comment: ans1 used once
ans2 00000004

Symbol: ans2
   Definitions
      At line 75 in file asm_kadai1.s
   Uses
      At line 60 in file asm_kadai1.s
Comment: ans2 used once
ans3 00000008

Symbol: ans3
   Definitions
      At line 76 in file asm_kadai1.s
   Uses
      At line 61 in file asm_kadai1.s
Comment: ans3 used once
endans 0000000C

Symbol: endans
   Definitions
      At line 77 in file asm_kadai1.s
   Uses
      None
Comment: endans unused
5 symbols



ARM Macro Assembler    Page 1 Alphabetic symbol ordering
Relocatable symbols

BusFault_Handler 00000006

Symbol: BusFault_Handler
   Definitions
      At line 98 in file asm_kadai1.s
   Uses
      At line 29 in file asm_kadai1.s
      At line 99 in file asm_kadai1.s

DebugMon_Handler 0000000C

Symbol: DebugMon_Handler
   Definitions
      At line 112 in file asm_kadai1.s
   Uses
      At line 36 in file asm_kadai1.s
      At line 113 in file asm_kadai1.s

Handlers 00000000

Symbol: Handlers
   Definitions
      At line 79 in file asm_kadai1.s
   Uses
      None
Comment: Handlers unused
HardFault_Handler 00000002

Symbol: HardFault_Handler
   Definitions
      At line 88 in file asm_kadai1.s
   Uses
      At line 27 in file asm_kadai1.s
      At line 89 in file asm_kadai1.s

MemManage_Handler 00000004

Symbol: MemManage_Handler
   Definitions
      At line 93 in file asm_kadai1.s
   Uses
      At line 28 in file asm_kadai1.s
      At line 94 in file asm_kadai1.s

NMI_Handler 00000000

Symbol: NMI_Handler
   Definitions
      At line 83 in file asm_kadai1.s
   Uses
      At line 26 in file asm_kadai1.s
      At line 84 in file asm_kadai1.s

PendSV_Handler 0000000E

Symbol: PendSV_Handler
   Definitions
      At line 116 in file asm_kadai1.s
   Uses



ARM Macro Assembler    Page 2 Alphabetic symbol ordering
Relocatable symbols

      At line 38 in file asm_kadai1.s
      At line 117 in file asm_kadai1.s

SVC_Handler 0000000A

Symbol: SVC_Handler
   Definitions
      At line 107 in file asm_kadai1.s
   Uses
      At line 35 in file asm_kadai1.s
      At line 108 in file asm_kadai1.s

SysTick_Handler 00000010

Symbol: SysTick_Handler
   Definitions
      At line 120 in file asm_kadai1.s
   Uses
      At line 39 in file asm_kadai1.s
      At line 121 in file asm_kadai1.s

UsageFault_Handler 00000008

Symbol: UsageFault_Handler
   Definitions
      At line 103 in file asm_kadai1.s
   Uses
      At line 30 in file asm_kadai1.s
      At line 104 in file asm_kadai1.s

10 symbols



ARM Macro Assembler    Page 1 Alphabetic symbol ordering
Absolute symbols

Stack_Size 00000400

Symbol: Stack_Size
   Definitions
      At line 5 in file asm_kadai1.s
   Uses
      At line 8 in file asm_kadai1.s
Comment: Stack_Size used once
1 symbol
357 symbols in table
