ISim log file
Running: Z:\FPGA\Sw_7seg\T_SW_7SEG_isim_beh.exe -intstyle ise -gui -tclbatch isim.cmd -wdb Z:/FPGA/Sw_7seg/T_SW_7SEG_isim_beh.wdb 
ISim P.20131013 (signature 0x7708f090)
This is a Full version of ISim.
Time resolution is 1 ps
# onerror resume
# wave add /
# run 1000 ns
Simulator is doing circuit initialization process.
Finished circuit initialization process.
CNT is 0

    ----
   |      |
        
   |      |
    ----    

CNT is 1

        
          |
        
          |
            

CNT is 2

    ----
          |
    ----
   |       
    ----    

CNT is 3

    ----
          |
    ----
          |
    ----    

Stopped at time : 400 ns :  in File "//FILESERV/home$/st30/st3005/FPGA/Sw_7seg/T_SW_7SEG.v" Line 21 
