


ARM Macro Assembler    Page 1 


    1 00000000         ;*******************************************************
                       ************************
    2 00000000         ; template for asm exerciseÅ@with RAM AREA
    3 00000000         ;*******************************************************
                       ************************
    4 00000000         
    5 00000000         
    6 00000000 00000400 
                       Stack_Size
                               EQU              0x00000400
    7 00000000         
    8 00000000 40010800 
                       GPIOA_CRL
                               EQU              0x40010800
    9 00000000 40010804 
                       GPIOA_CRH
                               EQU              0x40010804
   10 00000000 40010808 
                       GPIOA_IDR
                               EQU              0x40010808
   11 00000000 4001080C 
                       GPIOA_ODR
                               EQU              0x4001080C
   12 00000000 40010C00 
                       GPIOB_CRL
                               EQU              0x40010C00
   13 00000000 40010C04 
                       GPIOB_CRH
                               EQU              0x40010C04
   14 00000000 40010C08 
                       GPIOB_IDR
                               EQU              0x40010C08
   15 00000000 40010C0C 
                       GPIOB_ODR
                               EQU              0x40010C0C
   16 00000000 40010004 
                       AFIO_MAPR
                               EQU              0x40010004
   17 00000000 40021018 
                       RCC_APB2ENR
                               EQU              0x40021018
   18 00000000         
   19 00000000         
   20 00000000         
   21 00000000                 AREA             STACK, NOINIT, READWRITE, ALIGN
=3 
                                                            ;<--STACKÉZÉNÉVÉáÉì
                                                            ÇÕREADWRITEÇ≈RAMè„Ç
                                                            …
   22 00000000         Stack_Mem
                               SPACE            Stack_Size
   23 00000400         __initial_sp
   24 00000400         
   25 00000400         
   26 00000400                 PRESERVE8
   27 00000400                 THUMB
   28 00000400         
   29 00000400         
   30 00000400         ; Vector Table Mapped to Address 0 at Reset



ARM Macro Assembler    Page 2 


   31 00000400                 AREA             RESET, DATA, READONLY ;<--Ç±Ç±Ç
                                                            ©ÇÁêÊÇÕRESETÉZÉNÉVÉ
                                                            áÉìÇ≈READONLYÇ»ÇÃÇ≈
                                                            ROMè„Ç…
   32 00000000                 EXPORT           __Vectors
   33 00000000         
   34 00000000 00000000 
                       __Vectors
                               DCD              __initial_sp ; Top of Stack
   35 00000004 00000000        DCD              Reset_Handler ; Reset Handler
   36 00000008 00000000        DCD              NMI_Handler ; NMI Handler
   37 0000000C 00000000        DCD              HardFault_Handler ; Hard Fault 
                                                            Handler
   38 00000010 00000000        DCD              MemManage_Handler 
                                                            ; MPU Fault Handler
                                                            
   39 00000014 00000000        DCD              BusFault_Handler 
                                                            ; Bus Fault Handler
                                                            
   40 00000018 00000000        DCD              UsageFault_Handler ; Usage Faul
                                                            t Handler
   41 0000001C 00000000        DCD              0           ; Reserved
   42 00000020 00000000        DCD              0           ; Reserved
   43 00000024 00000000        DCD              0           ; Reserved
   44 00000028 00000000        DCD              0           ; Reserved
   45 0000002C 00000000        DCD              SVC_Handler ; SVCall Handler
   46 00000030 00000000        DCD              DebugMon_Handler ; Debug Monito
                                                            r Handler
   47 00000034 00000000        DCD              0           ; Reserved
   48 00000038 00000000        DCD              PendSV_Handler ; PendSV Handler
                                                            
   49 0000003C 00000000        DCD              SysTick_Handler 
                                                            ; SysTick Handler
   50 00000040         
   51 00000040         
   52 00000040                 AREA             |.text|, CODE, READONLY ;<--Ç±Ç
                                                            ±Ç©ÇÁÇÕÉvÉçÉOÉâÉÄÇÃ
                                                            ñ{ëÃÅAREADONLYÇ»ÇÃÇ
                                                            ≈ROMè„Ç…
   53 00000000         
   54 00000000         ; Reset handler
   55 00000000         Reset_Handler
                               PROC
   56 00000000                 EXPORT           Reset_Handler             [WEAK
]
   57 00000000         ; ******************************************************
                       ***************
   58 00000000         ; kadai program is here    
   59 00000000         ; ******************************************************
                       ***************
   60 00000000 4C3F            LDR              R4,=RCC_APB2ENR ;É|Å|ÉgÇÃèâä˙âª
                                                            
   61 00000002 F04F 0504       MOV              R5,#0X04
   62 00000006 6025            STR              R5,[R4]
   63 00000008 F04F 3133       LDR              R1,=0X33333333
   64 0000000C 4A3D            LDR              R2,=GPIOA_CRL
   65 0000000E 6011            STR              R1,[R2]
   66 00000010 4C3D            LDR              R4,=AFIO_MAPR
   67 00000012 F04F 7500       LDR              R5,=0X02000000



ARM Macro Assembler    Page 3 


   68 00000016 6025            STR              R5,[R4]
   69 00000018 4C3A            LDR              R4,=GPIOA_CRL
   70 0000001A F04F 3533       LDR              R5,=0X33333333
   71 0000001E 6025            STR              R5,[R4]
   72 00000020 4C3A            LDR              R4,=GPIOB_ODR
   73 00000022 F04F 0500       LDR              R5,=0X0000
   74 00000026 6025            STR              R5,[R4]
   75 00000028         
   76 00000028         
   77 00000028 4B39            LDR              R3,=GPIOA_ODR
   78 0000002A 4E3A    LOOP    LDR              R6,=data
   79 0000002C 4F3A            LDR              R7,=dataend
   80 0000002E 6830    LOOP1   LDR              R0,[R6]
   81 00000030 4680            MOV              R8,R0
   82 00000032 F8C3 8000       STR              R8,[R3]
   83 00000036 F000 F80C       BL               DELAY
   84 0000003A F000 F80A       BL               DELAY
   85 0000003E F000 F808       BL               DELAY
   86 00000042 F000 F806       BL               DELAY
   87 00000046         
   88 00000046 F106 0604       ADD              R6,R6,#4
   89 0000004A         
   90 0000004A 42BE            CMP              R6,R7
   91 0000004C D1EF            BNE              LOOP1
   92 0000004E D0EC            BEQ              LOOP
   93 00000050         
   94 00000050 E7FE            B                .
   95 00000052         
   96 00000052         DELAY
   97 00000052         
   98 00000052 B401            PUSH             {R0}
   99 00000054         
  100 00000054 F64F 70FF       LDR              R0,=0xFFFF
  101 00000058         
  102 00000058         DELAY_LOOP
  103 00000058         
  104 00000058 F1A0 0001       SUB              R0,#1
  105 0000005C         
  106 0000005C 2800            CMP              R0,#0
  107 0000005E         
  108 0000005E D1FB            BNE              DELAY_LOOP
  109 00000060         
  110 00000060 BC01            POP              {R0}
  111 00000062         
  112 00000062 4770            BX               LR
  113 00000064         
  114 00000064         
  115 00000064         
  116 00000064         ;  ALIGN 4  ; <-- Ç±Ç±Ç≈ÇSÉoÉCÉgãÊêÿÇËÇ…í≤êÆ
  117 00000064         
  118 00000064                 ENDP
  119 00000064         
  120 00000064 000000FE 
                       data    DCD              0XFE
  121 00000068 0000007F        DCD              0X7F
  122 0000006C         
  123 0000006C 000000FE        DCD              0XFE
  124 00000070 000000FD        DCD              0XFD
  125 00000074 000000FB        DCD              0XFB



ARM Macro Assembler    Page 4 


  126 00000078 000000F7        DCD              0XF7
  127 0000007C 000000EF        DCD              0XEF
  128 00000080 000000DF        DCD              0XDF
  129 00000084 000000BF        DCD              0XBF
  130 00000088 0000007F        DCD              0X7F
  131 0000008C         
  132 0000008C 000000EF        DCD              0XEF
  133 00000090 000000F7        DCD              0XF7
  134 00000094         
  135 00000094 0000007F        DCD              0X7F
  136 00000098 000000BF        DCD              0XBF
  137 0000009C 000000DF        DCD              0XDF
  138 000000A0 000000EF        DCD              0XEF
  139 000000A4 000000F7        DCD              0XF7
  140 000000A8 000000FB        DCD              0XFB
  141 000000AC 000000FD        DCD              0XFD
  142 000000B0 000000FE        DCD              0XFE
  143 000000B4         
  144 000000B4 000000FD        DCD              0XFD
  145 000000B8 000000BF        DCD              0XBF
  146 000000BC         
  147 000000BC 000000FE        DCD              0XFE
  148 000000C0 000000FD        DCD              0XFD
  149 000000C4 000000FB        DCD              0XFB
  150 000000C8 000000F7        DCD              0XF7
  151 000000CC 000000EF        DCD              0XEF
  152 000000D0 000000DF        DCD              0XDF
  153 000000D4 000000BF        DCD              0XBF
  154 000000D8 0000007F        DCD              0X7F
  155 000000DC         
  156 000000DC 000000DF        DCD              0XDF
  157 000000E0 000000FB        DCD              0XFB
  158 000000E4         
  159 000000E4 0000007F        DCD              0X7F
  160 000000E8 000000BF        DCD              0XBF
  161 000000EC 000000DF        DCD              0XDF
  162 000000F0 000000EF        DCD              0XEF
  163 000000F4 000000F7        DCD              0XF7
  164 000000F8 000000FB        DCD              0XFB
  165 000000FC 000000FD        DCD              0XFD
  166 00000100         dataend
  167 00000100         
  168 00000100         
  169 00000100         ;  AREA MyData, DATA, READWRITE ;<--MyDataÉZÉNÉVÉáÉìÇÕÅA
                       DATAÇ≈RAMè„Ç…
  170 00000100         
  171 00000100         ;ans1  space  8
  172 00000100         ;ans2  space  8
  173 00000100         ;endans
  174 00000100         
  175 00000100         
  176 00000100         
  177 00000100 40021018 
              40010800 
              40010004 
              40010C0C 
              4001080C 
              00000000 
              00000000         AREA             Handlers, CODE, READONLY ;<--Ha



ARM Macro Assembler    Page 5 


                                                            ndlersÉZÉNÉVÉáÉìÇÕR
                                                            OMè„Ç…
  178 00000000         
  179 00000000         ; Dummy Exception Handlers (infinite loops which can be 
                       modified)
  180 00000000         
  181 00000000         NMI_Handler
                               PROC
  182 00000000                 EXPORT           NMI_Handler                [WEA
K]
  183 00000000 E7FE            B                .
  184 00000002                 ENDP
  186 00000002         HardFault_Handler
                               PROC
  187 00000002                 EXPORT           HardFault_Handler          [WEA
K]
  188 00000002 E7FE            B                .
  189 00000004                 ENDP
  191 00000004         MemManage_Handler
                               PROC
  192 00000004                 EXPORT           MemManage_Handler          [WEA
K]
  193 00000004 E7FE            B                .
  194 00000006                 ENDP
  196 00000006         BusFault_Handler
                               PROC
  197 00000006                 EXPORT           BusFault_Handler           [WEA
K]
  198 00000006 E7FE            B                .
  199 00000008                 ENDP
  201 00000008         UsageFault_Handler
                               PROC
  202 00000008                 EXPORT           UsageFault_Handler         [WEA
K]
  203 00000008 E7FE            B                .
  204 0000000A                 ENDP
  205 0000000A         SVC_Handler
                               PROC
  206 0000000A                 EXPORT           SVC_Handler                [WEA
K]
  207 0000000A E7FE            B                .
  208 0000000C                 ENDP
  210 0000000C         DebugMon_Handler
                               PROC
  211 0000000C                 EXPORT           DebugMon_Handler           [WEA
K]
  212 0000000C E7FE            B                .
  213 0000000E                 ENDP
  214 0000000E         PendSV_Handler
                               PROC
  215 0000000E                 EXPORT           PendSV_Handler             [WEA
K]
  216 0000000E E7FE            B                .
  217 00000010                 ENDP
  218 00000010         SysTick_Handler
                               PROC
  219 00000010                 EXPORT           SysTick_Handler            [WEA
K]
  220 00000010 E7FE            B                .



ARM Macro Assembler    Page 6 


  221 00000012                 ENDP
  222 00000012         
  223 00000012         
  224 00000012                 END
Command Line: --debug --xref --diag_suppress=9931 --cpu=Cortex-M3 --apcs=interw
ork --depend=.\objects\tbl.1.d -o.\objects\tbl.1.o -I.\RTE\_Target_1 -IC:\Keil_
v5\ARM\PACK\Keil\STM32F1xx_DFP\2.2.0\Device\Include -IC:\Keil_v5\ARM\CMSIS\Incl
ude --predefine="__UVISION_VERSION SETA 524" --predefine="STM32F10X_MD_VL SETA 
1" --list=.\listings\tbl.1.lst tbl.1.s



ARM Macro Assembler    Page 1 Alphabetic symbol ordering
Relocatable symbols

STACK 00000000

Symbol: STACK
   Definitions
      At line 21 in file tbl.1.s
   Uses
      None
Comment: STACK unused
Stack_Mem 00000000

Symbol: Stack_Mem
   Definitions
      At line 22 in file tbl.1.s
   Uses
      None
Comment: Stack_Mem unused
__initial_sp 00000400

Symbol: __initial_sp
   Definitions
      At line 23 in file tbl.1.s
   Uses
      At line 34 in file tbl.1.s
Comment: __initial_sp used once
3 symbols



ARM Macro Assembler    Page 1 Alphabetic symbol ordering
Relocatable symbols

RESET 00000000

Symbol: RESET
   Definitions
      At line 31 in file tbl.1.s
   Uses
      None
Comment: RESET unused
__Vectors 00000000

Symbol: __Vectors
   Definitions
      At line 34 in file tbl.1.s
   Uses
      At line 32 in file tbl.1.s
Comment: __Vectors used once
2 symbols



ARM Macro Assembler    Page 1 Alphabetic symbol ordering
Relocatable symbols

.text 00000000

Symbol: .text
   Definitions
      At line 52 in file tbl.1.s
   Uses
      None
Comment: .text unused
DELAY 00000052

Symbol: DELAY
   Definitions
      At line 96 in file tbl.1.s
   Uses
      At line 83 in file tbl.1.s
      At line 84 in file tbl.1.s
      At line 85 in file tbl.1.s
      At line 86 in file tbl.1.s

DELAY_LOOP 00000058

Symbol: DELAY_LOOP
   Definitions
      At line 102 in file tbl.1.s
   Uses
      At line 108 in file tbl.1.s
Comment: DELAY_LOOP used once
LOOP 0000002A

Symbol: LOOP
   Definitions
      At line 78 in file tbl.1.s
   Uses
      At line 92 in file tbl.1.s
Comment: LOOP used once
LOOP1 0000002E

Symbol: LOOP1
   Definitions
      At line 80 in file tbl.1.s
   Uses
      At line 91 in file tbl.1.s
Comment: LOOP1 used once
Reset_Handler 00000000

Symbol: Reset_Handler
   Definitions
      At line 55 in file tbl.1.s
   Uses
      At line 35 in file tbl.1.s
      At line 56 in file tbl.1.s

data 00000064

Symbol: data
   Definitions
      At line 120 in file tbl.1.s
   Uses
      At line 78 in file tbl.1.s



ARM Macro Assembler    Page 2 Alphabetic symbol ordering
Relocatable symbols

Comment: data used once
dataend 00000100

Symbol: dataend
   Definitions
      At line 166 in file tbl.1.s
   Uses
      At line 79 in file tbl.1.s
Comment: dataend used once
8 symbols



ARM Macro Assembler    Page 1 Alphabetic symbol ordering
Relocatable symbols

BusFault_Handler 00000006

Symbol: BusFault_Handler
   Definitions
      At line 196 in file tbl.1.s
   Uses
      At line 39 in file tbl.1.s
      At line 197 in file tbl.1.s

DebugMon_Handler 0000000C

Symbol: DebugMon_Handler
   Definitions
      At line 210 in file tbl.1.s
   Uses
      At line 46 in file tbl.1.s
      At line 211 in file tbl.1.s

Handlers 00000000

Symbol: Handlers
   Definitions
      At line 177 in file tbl.1.s
   Uses
      None
Comment: Handlers unused
HardFault_Handler 00000002

Symbol: HardFault_Handler
   Definitions
      At line 186 in file tbl.1.s
   Uses
      At line 37 in file tbl.1.s
      At line 187 in file tbl.1.s

MemManage_Handler 00000004

Symbol: MemManage_Handler
   Definitions
      At line 191 in file tbl.1.s
   Uses
      At line 38 in file tbl.1.s
      At line 192 in file tbl.1.s

NMI_Handler 00000000

Symbol: NMI_Handler
   Definitions
      At line 181 in file tbl.1.s
   Uses
      At line 36 in file tbl.1.s
      At line 182 in file tbl.1.s

PendSV_Handler 0000000E

Symbol: PendSV_Handler
   Definitions
      At line 214 in file tbl.1.s
   Uses



ARM Macro Assembler    Page 2 Alphabetic symbol ordering
Relocatable symbols

      At line 48 in file tbl.1.s
      At line 215 in file tbl.1.s

SVC_Handler 0000000A

Symbol: SVC_Handler
   Definitions
      At line 205 in file tbl.1.s
   Uses
      At line 45 in file tbl.1.s
      At line 206 in file tbl.1.s

SysTick_Handler 00000010

Symbol: SysTick_Handler
   Definitions
      At line 218 in file tbl.1.s
   Uses
      At line 49 in file tbl.1.s
      At line 219 in file tbl.1.s

UsageFault_Handler 00000008

Symbol: UsageFault_Handler
   Definitions
      At line 201 in file tbl.1.s
   Uses
      At line 40 in file tbl.1.s
      At line 202 in file tbl.1.s

10 symbols



ARM Macro Assembler    Page 1 Alphabetic symbol ordering
Absolute symbols

AFIO_MAPR 40010004

Symbol: AFIO_MAPR
   Definitions
      At line 16 in file tbl.1.s
   Uses
      At line 66 in file tbl.1.s
Comment: AFIO_MAPR used once
GPIOA_CRH 40010804

Symbol: GPIOA_CRH
   Definitions
      At line 9 in file tbl.1.s
   Uses
      None
Comment: GPIOA_CRH unused
GPIOA_CRL 40010800

Symbol: GPIOA_CRL
   Definitions
      At line 8 in file tbl.1.s
   Uses
      At line 64 in file tbl.1.s
      At line 69 in file tbl.1.s

GPIOA_IDR 40010808

Symbol: GPIOA_IDR
   Definitions
      At line 10 in file tbl.1.s
   Uses
      None
Comment: GPIOA_IDR unused
GPIOA_ODR 4001080C

Symbol: GPIOA_ODR
   Definitions
      At line 11 in file tbl.1.s
   Uses
      At line 77 in file tbl.1.s
Comment: GPIOA_ODR used once
GPIOB_CRH 40010C04

Symbol: GPIOB_CRH
   Definitions
      At line 13 in file tbl.1.s
   Uses
      None
Comment: GPIOB_CRH unused
GPIOB_CRL 40010C00

Symbol: GPIOB_CRL
   Definitions
      At line 12 in file tbl.1.s
   Uses
      None
Comment: GPIOB_CRL unused
GPIOB_IDR 40010C08




ARM Macro Assembler    Page 2 Alphabetic symbol ordering
Absolute symbols

Symbol: GPIOB_IDR
   Definitions
      At line 14 in file tbl.1.s
   Uses
      None
Comment: GPIOB_IDR unused
GPIOB_ODR 40010C0C

Symbol: GPIOB_ODR
   Definitions
      At line 15 in file tbl.1.s
   Uses
      At line 72 in file tbl.1.s
Comment: GPIOB_ODR used once
RCC_APB2ENR 40021018

Symbol: RCC_APB2ENR
   Definitions
      At line 17 in file tbl.1.s
   Uses
      At line 60 in file tbl.1.s
Comment: RCC_APB2ENR used once
Stack_Size 00000400

Symbol: Stack_Size
   Definitions
      At line 6 in file tbl.1.s
   Uses
      At line 22 in file tbl.1.s
Comment: Stack_Size used once
11 symbols
368 symbols in table
