


ARM Macro Assembler    Page 1 


    1 00000000         ;*******************************************************
                       ************************
    2 00000000         ; template for asm exerciseÅ@with RAM AREA
    3 00000000         ;*******************************************************
                       ************************
    4 00000000         
    5 00000000         
    6 00000000 00000400 
                       Stack_Size
                               EQU              0x00000400
    7 00000000         
    8 00000000 40010800 
                       GPIOA_CRL
                               EQU              0x40010800
    9 00000000 40010804 
                       GPIOA_CRH
                               EQU              0x40010804
   10 00000000 40010808 
                       GPIOA_IDR
                               EQU              0x40010808
   11 00000000 4001080C 
                       GPIOA_ODR
                               EQU              0x4001080C
   12 00000000 40010C00 
                       GPIOB_CRL
                               EQU              0x40010C00
   13 00000000 40010C04 
                       GPIOB_CRH
                               EQU              0x40010C04
   14 00000000 40010C08 
                       GPIOB_IDR
                               EQU              0x40010C08
   15 00000000 40010C0C 
                       GPIOB_ODR
                               EQU              0x40010C0C
   16 00000000 40021018 
                       RCC_APB2ENR
                               EQU              0x40021018
   17 00000000         
   18 00000000         
   19 00000000         
   20 00000000                 AREA             STACK, NOINIT, READWRITE, ALIGN
=3 
                                                            ;<--STACKÉZÉNÉVÉáÉì
                                                            ÇÕREADWRITEÇ≈RAMè„Ç
                                                            …
   21 00000000         Stack_Mem
                               SPACE            Stack_Size
   22 00000400         __initial_sp
   23 00000400         
   24 00000400         
   25 00000400                 PRESERVE8
   26 00000400                 THUMB
   27 00000400         
   28 00000400         
   29 00000400         ; Vector Table Mapped to Address 0 at Reset
   30 00000400                 AREA             RESET, DATA, READONLY ;<--Ç±Ç±Ç
                                                            ©ÇÁêÊÇÕRESETÉZÉNÉVÉ
                                                            áÉìÇ≈READONLYÇ»ÇÃÇ≈



ARM Macro Assembler    Page 2 


                                                            ROMè„Ç…
   31 00000000                 EXPORT           __Vectors
   32 00000000         
   33 00000000 00000000 
                       __Vectors
                               DCD              __initial_sp ; Top of Stack
   34 00000004 00000000        DCD              Reset_Handler ; Reset Handler
   35 00000008 00000000        DCD              NMI_Handler ; NMI Handler
   36 0000000C 00000000        DCD              HardFault_Handler ; Hard Fault 
                                                            Handler
   37 00000010 00000000        DCD              MemManage_Handler 
                                                            ; MPU Fault Handler
                                                            
   38 00000014 00000000        DCD              BusFault_Handler 
                                                            ; Bus Fault Handler
                                                            
   39 00000018 00000000        DCD              UsageFault_Handler ; Usage Faul
                                                            t Handler
   40 0000001C 00000000        DCD              0           ; Reserved
   41 00000020 00000000        DCD              0           ; Reserved
   42 00000024 00000000        DCD              0           ; Reserved
   43 00000028 00000000        DCD              0           ; Reserved
   44 0000002C 00000000        DCD              SVC_Handler ; SVCall Handler
   45 00000030 00000000        DCD              DebugMon_Handler ; Debug Monito
                                                            r Handler
   46 00000034 00000000        DCD              0           ; Reserved
   47 00000038 00000000        DCD              PendSV_Handler ; PendSV Handler
                                                            
   48 0000003C 00000000        DCD              SysTick_Handler 
                                                            ; SysTick Handler
   49 00000040         
   50 00000040         
   51 00000040                 AREA             |.text|, CODE, READONLY ;<--Ç±Ç
                                                            ±Ç©ÇÁÇÕÉvÉçÉOÉâÉÄÇÃ
                                                            ñ{ëÃÅAREADONLYÇ»ÇÃÇ
                                                            ≈ROMè„Ç…
   52 00000000         
   53 00000000         ; Reset handler
   54 00000000         Reset_Handler
                               PROC
   55 00000000                 EXPORT           Reset_Handler             [WEAK
]
   56 00000000         ; ******************************************************
                       ***************
   57 00000000         ; kadai program is here    
   58 00000000         ; ******************************************************
                       ***************
   59 00000000 4CA7            LDR              R4,=RCC_APB2ENR ;É|Å|ÉgÇÃèâä˙âª
                                                            
   60 00000002 F04F 0504       MOV              R5,#0X04
   61 00000006 6025            STR              R5,[R4]
   62 00000008 F04F 3133       LDR              R1,=0X33333333
   63 0000000C 4AA5            LDR              R2,=GPIOA_CRL
   64 0000000E 6011            STR              R1,[R2]
   65 00000010         
   66 00000010 4BA5            LDR              R3,=GPIOA_ODR
   67 00000012 6018            STR              R0,[R3]
   68 00000014 F000 F93A       BL               DELAY
   69 00000018 F000 F938       BL               DELAY



ARM Macro Assembler    Page 3 


   70 0000001C F000 F936       BL               DELAY
   71 00000020 F000 F934       BL               DELAY
   72 00000024 F04F 00C0 
                       LOOP1   MOV              R0,#0XC0
   73 00000028 6018            STR              R0,[R3]
   74 0000002A F000 F92F       BL               DELAY
   75 0000002E F000 F92D       BL               DELAY
   76 00000032 F000 F92B       BL               DELAY
   77 00000036 F000 F929       BL               DELAY
   78 0000003A F000 F927       BL               DELAY
   79 0000003E F000 F925       BL               DELAY
   80 00000042 F000 F923       BL               DELAY
   81 00000046 F000 F921       BL               DELAY
   82 0000004A F04F 00F9       MOV              R0,#0XF9
   83 0000004E 6018            STR              R0,[R3]
   84 00000050 F000 F91C       BL               DELAY
   85 00000054 F000 F91A       BL               DELAY
   86 00000058 F000 F918       BL               DELAY
   87 0000005C F000 F916       BL               DELAY
   88 00000060 F000 F914       BL               DELAY
   89 00000064 F000 F912       BL               DELAY
   90 00000068 F000 F910       BL               DELAY
   91 0000006C F000 F90E       BL               DELAY
   92 00000070 F04F 00A4       MOV              R0,#0XA4
   93 00000074 6018            STR              R0,[R3]
   94 00000076 F000 F909       BL               DELAY
   95 0000007A F000 F907       BL               DELAY
   96 0000007E F000 F905       BL               DELAY
   97 00000082 F000 F903       BL               DELAY
   98 00000086 F000 F901       BL               DELAY
   99 0000008A F000 F8FF       BL               DELAY
  100 0000008E F000 F8FD       BL               DELAY
  101 00000092 F000 F8FB       BL               DELAY
  102 00000096 F04F 00B0       MOV              R0,#0XB0
  103 0000009A 6018            STR              R0,[R3]
  104 0000009C F000 F8F6       BL               DELAY
  105 000000A0 F000 F8F4       BL               DELAY
  106 000000A4 F000 F8F2       BL               DELAY
  107 000000A8 F000 F8F0       BL               DELAY
  108 000000AC F000 F8EE       BL               DELAY
  109 000000B0 F000 F8EC       BL               DELAY
  110 000000B4 F000 F8EA       BL               DELAY
  111 000000B8 F000 F8E8       BL               DELAY
  112 000000BC F04F 0099       MOV              R0,#0X99
  113 000000C0 6018            STR              R0,[R3]
  114 000000C2 F000 F8E3       BL               DELAY
  115 000000C6 F000 F8E1       BL               DELAY
  116 000000CA F000 F8DF       BL               DELAY
  117 000000CE F000 F8DD       BL               DELAY
  118 000000D2 F000 F8DB       BL               DELAY
  119 000000D6 F000 F8D9       BL               DELAY
  120 000000DA F000 F8D7       BL               DELAY
  121 000000DE F000 F8D5       BL               DELAY
  122 000000E2 F04F 0092       MOV              R0,#0X92
  123 000000E6 6018            STR              R0,[R3]
  124 000000E8 F000 F8D0       BL               DELAY
  125 000000EC F000 F8CE       BL               DELAY
  126 000000F0 F000 F8CC       BL               DELAY
  127 000000F4 F000 F8CA       BL               DELAY



ARM Macro Assembler    Page 4 


  128 000000F8 F000 F8C8       BL               DELAY
  129 000000FC F000 F8C6       BL               DELAY
  130 00000100 F000 F8C4       BL               DELAY
  131 00000104 F000 F8C2       BL               DELAY
  132 00000108 F04F 0082       MOV              R0,#0X82
  133 0000010C 6018            STR              R0,[R3]
  134 0000010E F000 F8BD       BL               DELAY
  135 00000112 F000 F8BB       BL               DELAY
  136 00000116 F000 F8B9       BL               DELAY
  137 0000011A F000 F8B7       BL               DELAY
  138 0000011E F000 F8B5       BL               DELAY
  139 00000122 F000 F8B3       BL               DELAY
  140 00000126 F000 F8B1       BL               DELAY
  141 0000012A F000 F8AF       BL               DELAY
  142 0000012E F04F 00D8       MOV              R0,#0XD8
  143 00000132 6018            STR              R0,[R3]
  144 00000134 F000 F8AA       BL               DELAY
  145 00000138 F000 F8A8       BL               DELAY
  146 0000013C F000 F8A6       BL               DELAY
  147 00000140 F000 F8A4       BL               DELAY
  148 00000144 F000 F8A2       BL               DELAY
  149 00000148 F000 F8A0       BL               DELAY
  150 0000014C F000 F89E       BL               DELAY
  151 00000150 F000 F89C       BL               DELAY
  152 00000154 F04F 0080       MOV              R0,#0X80
  153 00000158 6018            STR              R0,[R3]
  154 0000015A F000 F897       BL               DELAY
  155 0000015E F000 F895       BL               DELAY
  156 00000162 F000 F893       BL               DELAY
  157 00000166 F000 F891       BL               DELAY
  158 0000016A F000 F88F       BL               DELAY
  159 0000016E F000 F88D       BL               DELAY
  160 00000172 F000 F88B       BL               DELAY
  161 00000176 F000 F889       BL               DELAY
  162 0000017A F04F 0090       MOV              R0,#0X90
  163 0000017E 6018            STR              R0,[R3]
  164 00000180 F000 F884       BL               DELAY
  165 00000184 F000 F882       BL               DELAY
  166 00000188 F000 F880       BL               DELAY
  167 0000018C F000 F87E       BL               DELAY
  168 00000190 F000 F87C       BL               DELAY
  169 00000194 F000 F87A       BL               DELAY
  170 00000198 F000 F878       BL               DELAY
  171 0000019C F000 F876       BL               DELAY
  172 000001A0 F04F 0088       MOV              R0,#0X88
  173 000001A4 6018            STR              R0,[R3]
  174 000001A6 F000 F871       BL               DELAY
  175 000001AA F000 F86F       BL               DELAY
  176 000001AE F000 F86D       BL               DELAY
  177 000001B2 F000 F86B       BL               DELAY
  178 000001B6 F000 F869       BL               DELAY
  179 000001BA F000 F867       BL               DELAY
  180 000001BE F000 F865       BL               DELAY
  181 000001C2 F000 F863       BL               DELAY
  182 000001C6 F04F 0083       MOV              R0,#0X83
  183 000001CA 6018            STR              R0,[R3]
  184 000001CC F000 F85E       BL               DELAY
  185 000001D0 F000 F85C       BL               DELAY
  186 000001D4 F000 F85A       BL               DELAY



ARM Macro Assembler    Page 5 


  187 000001D8 F000 F858       BL               DELAY
  188 000001DC F000 F856       BL               DELAY
  189 000001E0 F000 F854       BL               DELAY
  190 000001E4 F000 F852       BL               DELAY
  191 000001E8 F000 F850       BL               DELAY
  192 000001EC F04F 00A7       MOV              R0,#0XA7
  193 000001F0 6018            STR              R0,[R3]
  194 000001F2 F000 F84B       BL               DELAY
  195 000001F6 F000 F849       BL               DELAY
  196 000001FA F000 F847       BL               DELAY
  197 000001FE F000 F845       BL               DELAY
  198 00000202 F000 F843       BL               DELAY
  199 00000206 F000 F841       BL               DELAY
  200 0000020A F000 F83F       BL               DELAY
  201 0000020E F000 F83D       BL               DELAY
  202 00000212 F04F 00A1       MOV              R0,#0XA1
  203 00000216 6018            STR              R0,[R3]
  204 00000218 F000 F838       BL               DELAY
  205 0000021C F000 F836       BL               DELAY
  206 00000220 F000 F834       BL               DELAY
  207 00000224 F000 F832       BL               DELAY
  208 00000228 F000 F830       BL               DELAY
  209 0000022C F000 F82E       BL               DELAY
  210 00000230 F000 F82C       BL               DELAY
  211 00000234 F000 F82A       BL               DELAY
  212 00000238 F04F 0086       MOV              R0,#0X86
  213 0000023C 6018            STR              R0,[R3]
  214 0000023E F000 F825       BL               DELAY
  215 00000242 F000 F823       BL               DELAY
  216 00000246 F000 F821       BL               DELAY
  217 0000024A F000 F81F       BL               DELAY
  218 0000024E F000 F81D       BL               DELAY
  219 00000252 F000 F81B       BL               DELAY
  220 00000256 F000 F819       BL               DELAY
  221 0000025A F000 F817       BL               DELAY
  222 0000025E F04F 008E       MOV              R0,#0X8E
  223 00000262 6018            STR              R0,[R3]
  224 00000264 F000 F812       BL               DELAY
  225 00000268 F000 F810       BL               DELAY
  226 0000026C F000 F80E       BL               DELAY
  227 00000270 F000 F80C       BL               DELAY
  228 00000274 F000 F80A       BL               DELAY
  229 00000278 F000 F808       BL               DELAY
  230 0000027C F000 F806       BL               DELAY
  231 00000280 F000 F804       BL               DELAY
  232 00000284         
  233 00000284 2880            CMP              R0,#0x80
  234 00000286 F47F AECD       BNE              LOOP1
  235 0000028A         
  236 0000028A E7FE            B                .
  237 0000028C         
  238 0000028C         DELAY
  239 0000028C         
  240 0000028C B401            PUSH             {R0}
  241 0000028E         
  242 0000028E F64F 70FF       LDR              R0,=0xFFFF
  243 00000292         
  244 00000292         DELAY_LOOP
  245 00000292         



ARM Macro Assembler    Page 6 


  246 00000292 F1A0 0001       SUB              R0,#1
  247 00000296         
  248 00000296 2800            CMP              R0,#0
  249 00000298         
  250 00000298 D1FB            BNE              DELAY_LOOP
  251 0000029A         
  252 0000029A BC01            POP              {R0}
  253 0000029C         
  254 0000029C 4770            BX               LR
  255 0000029E         
  256 0000029E         
  257 0000029E         
  258 0000029E         ;  ALIGN 4  ; <-- Ç±Ç±Ç≈ÇSÉoÉCÉgãÊêÿÇËÇ…í≤êÆ
  259 0000029E         
  260 0000029E                 ENDP
  261 0000029E         
  262 0000029E         ;  AREA MyData, DATA, READWRITE ;<--MyDataÉZÉNÉVÉáÉìÇÕÅA
                       DATAÇ≈RAMè„Ç…
  263 0000029E         
  264 0000029E         ;ans1  space  8
  265 0000029E         ;ans2  space  8
  266 0000029E         ;endans
  267 0000029E         
  268 0000029E         
  269 0000029E         
  270 0000029E 00 00 40021018 
              40010800 
              4001080C         AREA             Handlers, CODE, READONLY ;<--Ha
                                                            ndlersÉZÉNÉVÉáÉìÇÕR
                                                            OMè„Ç…
  271 00000000         
  272 00000000         ; Dummy Exception Handlers (infinite loops which can be 
                       modified)
  273 00000000         
  274 00000000         NMI_Handler
                               PROC
  275 00000000                 EXPORT           NMI_Handler                [WEA
K]
  276 00000000 E7FE            B                .
  277 00000002                 ENDP
  279 00000002         HardFault_Handler
                               PROC
  280 00000002                 EXPORT           HardFault_Handler          [WEA
K]
  281 00000002 E7FE            B                .
  282 00000004                 ENDP
  284 00000004         MemManage_Handler
                               PROC
  285 00000004                 EXPORT           MemManage_Handler          [WEA
K]
  286 00000004 E7FE            B                .
  287 00000006                 ENDP
  289 00000006         BusFault_Handler
                               PROC
  290 00000006                 EXPORT           BusFault_Handler           [WEA
K]
  291 00000006 E7FE            B                .
  292 00000008                 ENDP
  294 00000008         UsageFault_Handler



ARM Macro Assembler    Page 7 


                               PROC
  295 00000008                 EXPORT           UsageFault_Handler         [WEA
K]
  296 00000008 E7FE            B                .
  297 0000000A                 ENDP
  298 0000000A         SVC_Handler
                               PROC
  299 0000000A                 EXPORT           SVC_Handler                [WEA
K]
  300 0000000A E7FE            B                .
  301 0000000C                 ENDP
  303 0000000C         DebugMon_Handler
                               PROC
  304 0000000C                 EXPORT           DebugMon_Handler           [WEA
K]
  305 0000000C E7FE            B                .
  306 0000000E                 ENDP
  307 0000000E         PendSV_Handler
                               PROC
  308 0000000E                 EXPORT           PendSV_Handler             [WEA
K]
  309 0000000E E7FE            B                .
  310 00000010                 ENDP
  311 00000010         SysTick_Handler
                               PROC
  312 00000010                 EXPORT           SysTick_Handler            [WEA
K]
  313 00000010 E7FE            B                .
  314 00000012                 ENDP
  315 00000012         
  316 00000012         
  317 00000012                 END
Command Line: --debug --xref --diag_suppress=9931 --cpu=Cortex-M3 --apcs=interw
ork --depend=.\objects\asm_7seg.d -o.\objects\asm_7seg.o -I.\RTE\_Target_1 -IC:
\Keil_v5\ARM\PACK\Keil\STM32F1xx_DFP\2.2.0\Device\Include -IC:\Keil_v5\ARM\CMSI
S\Include --predefine="__UVISION_VERSION SETA 524" --predefine="STM32F10X_MD_VL
 SETA 1" --list=.\listings\asm_7seg.lst asm_7seg.s



ARM Macro Assembler    Page 1 Alphabetic symbol ordering
Relocatable symbols

STACK 00000000

Symbol: STACK
   Definitions
      At line 20 in file asm_7seg.s
   Uses
      None
Comment: STACK unused
Stack_Mem 00000000

Symbol: Stack_Mem
   Definitions
      At line 21 in file asm_7seg.s
   Uses
      None
Comment: Stack_Mem unused
__initial_sp 00000400

Symbol: __initial_sp
   Definitions
      At line 22 in file asm_7seg.s
   Uses
      At line 33 in file asm_7seg.s
Comment: __initial_sp used once
3 symbols



ARM Macro Assembler    Page 1 Alphabetic symbol ordering
Relocatable symbols

RESET 00000000

Symbol: RESET
   Definitions
      At line 30 in file asm_7seg.s
   Uses
      None
Comment: RESET unused
__Vectors 00000000

Symbol: __Vectors
   Definitions
      At line 33 in file asm_7seg.s
   Uses
      At line 31 in file asm_7seg.s
Comment: __Vectors used once
2 symbols



ARM Macro Assembler    Page 1 Alphabetic symbol ordering
Relocatable symbols

.text 00000000

Symbol: .text
   Definitions
      At line 51 in file asm_7seg.s
   Uses
      None
Comment: .text unused
DELAY 0000028C

Symbol: DELAY
   Definitions
      At line 238 in file asm_7seg.s
   Uses
      At line 68 in file asm_7seg.s
      At line 69 in file asm_7seg.s
      At line 70 in file asm_7seg.s
      At line 71 in file asm_7seg.s
      At line 74 in file asm_7seg.s
      At line 75 in file asm_7seg.s
      At line 76 in file asm_7seg.s
      At line 77 in file asm_7seg.s
      At line 78 in file asm_7seg.s
      At line 79 in file asm_7seg.s
      At line 80 in file asm_7seg.s
      At line 81 in file asm_7seg.s
      At line 84 in file asm_7seg.s
      At line 85 in file asm_7seg.s
      At line 86 in file asm_7seg.s
      At line 87 in file asm_7seg.s
      At line 88 in file asm_7seg.s
      At line 89 in file asm_7seg.s
      At line 90 in file asm_7seg.s
      At line 91 in file asm_7seg.s
      At line 94 in file asm_7seg.s
      At line 95 in file asm_7seg.s
      At line 96 in file asm_7seg.s
      At line 97 in file asm_7seg.s
      At line 98 in file asm_7seg.s
      At line 99 in file asm_7seg.s
      At line 100 in file asm_7seg.s
      At line 101 in file asm_7seg.s
      At line 104 in file asm_7seg.s
      At line 105 in file asm_7seg.s
      At line 106 in file asm_7seg.s
      At line 107 in file asm_7seg.s
      At line 108 in file asm_7seg.s
      At line 109 in file asm_7seg.s
      At line 110 in file asm_7seg.s
      At line 111 in file asm_7seg.s
      At line 114 in file asm_7seg.s
      At line 115 in file asm_7seg.s
      At line 116 in file asm_7seg.s
      At line 117 in file asm_7seg.s
      At line 118 in file asm_7seg.s
      At line 119 in file asm_7seg.s
      At line 120 in file asm_7seg.s
      At line 121 in file asm_7seg.s
      At line 124 in file asm_7seg.s



ARM Macro Assembler    Page 2 Alphabetic symbol ordering
Relocatable symbols

      At line 125 in file asm_7seg.s
      At line 126 in file asm_7seg.s
      At line 127 in file asm_7seg.s
      At line 128 in file asm_7seg.s
      At line 129 in file asm_7seg.s
      At line 130 in file asm_7seg.s
      At line 131 in file asm_7seg.s
      At line 134 in file asm_7seg.s
      At line 135 in file asm_7seg.s
      At line 136 in file asm_7seg.s
      At line 137 in file asm_7seg.s
      At line 138 in file asm_7seg.s
      At line 139 in file asm_7seg.s
      At line 140 in file asm_7seg.s
      At line 141 in file asm_7seg.s
      At line 144 in file asm_7seg.s
      At line 145 in file asm_7seg.s
      At line 146 in file asm_7seg.s
      At line 147 in file asm_7seg.s
      At line 148 in file asm_7seg.s
      At line 149 in file asm_7seg.s
      At line 150 in file asm_7seg.s
      At line 151 in file asm_7seg.s
      At line 154 in file asm_7seg.s
      At line 155 in file asm_7seg.s
      At line 156 in file asm_7seg.s
      At line 157 in file asm_7seg.s
      At line 158 in file asm_7seg.s
      At line 159 in file asm_7seg.s
      At line 160 in file asm_7seg.s
      At line 161 in file asm_7seg.s
      At line 164 in file asm_7seg.s
      At line 165 in file asm_7seg.s
      At line 166 in file asm_7seg.s
      At line 167 in file asm_7seg.s
      At line 168 in file asm_7seg.s
      At line 169 in file asm_7seg.s
      At line 170 in file asm_7seg.s
      At line 171 in file asm_7seg.s
      At line 174 in file asm_7seg.s
      At line 175 in file asm_7seg.s
      At line 176 in file asm_7seg.s
      At line 177 in file asm_7seg.s
      At line 178 in file asm_7seg.s
      At line 179 in file asm_7seg.s
      At line 180 in file asm_7seg.s
      At line 181 in file asm_7seg.s
      At line 184 in file asm_7seg.s
      At line 185 in file asm_7seg.s
      At line 186 in file asm_7seg.s
      At line 187 in file asm_7seg.s
      At line 188 in file asm_7seg.s
      At line 189 in file asm_7seg.s
      At line 190 in file asm_7seg.s
      At line 191 in file asm_7seg.s
      At line 194 in file asm_7seg.s
      At line 195 in file asm_7seg.s
      At line 196 in file asm_7seg.s
      At line 197 in file asm_7seg.s



ARM Macro Assembler    Page 3 Alphabetic symbol ordering
Relocatable symbols

      At line 198 in file asm_7seg.s
      At line 199 in file asm_7seg.s
      At line 200 in file asm_7seg.s
      At line 201 in file asm_7seg.s
      At line 204 in file asm_7seg.s
      At line 205 in file asm_7seg.s
      At line 206 in file asm_7seg.s
      At line 207 in file asm_7seg.s
      At line 208 in file asm_7seg.s
      At line 209 in file asm_7seg.s
      At line 210 in file asm_7seg.s
      At line 211 in file asm_7seg.s
      At line 214 in file asm_7seg.s
      At line 215 in file asm_7seg.s
      At line 216 in file asm_7seg.s
      At line 217 in file asm_7seg.s
      At line 218 in file asm_7seg.s
      At line 219 in file asm_7seg.s
      At line 220 in file asm_7seg.s
      At line 221 in file asm_7seg.s
      At line 224 in file asm_7seg.s
      At line 225 in file asm_7seg.s
      At line 226 in file asm_7seg.s
      At line 227 in file asm_7seg.s
      At line 228 in file asm_7seg.s
      At line 229 in file asm_7seg.s
      At line 230 in file asm_7seg.s
      At line 231 in file asm_7seg.s

DELAY_LOOP 00000292

Symbol: DELAY_LOOP
   Definitions
      At line 244 in file asm_7seg.s
   Uses
      At line 250 in file asm_7seg.s
Comment: DELAY_LOOP used once
LOOP1 00000024

Symbol: LOOP1
   Definitions
      At line 72 in file asm_7seg.s
   Uses
      At line 234 in file asm_7seg.s
Comment: LOOP1 used once
Reset_Handler 00000000

Symbol: Reset_Handler
   Definitions
      At line 54 in file asm_7seg.s
   Uses
      At line 34 in file asm_7seg.s
      At line 55 in file asm_7seg.s

5 symbols



ARM Macro Assembler    Page 1 Alphabetic symbol ordering
Relocatable symbols

BusFault_Handler 00000006

Symbol: BusFault_Handler
   Definitions
      At line 289 in file asm_7seg.s
   Uses
      At line 38 in file asm_7seg.s
      At line 290 in file asm_7seg.s

DebugMon_Handler 0000000C

Symbol: DebugMon_Handler
   Definitions
      At line 303 in file asm_7seg.s
   Uses
      At line 45 in file asm_7seg.s
      At line 304 in file asm_7seg.s

Handlers 00000000

Symbol: Handlers
   Definitions
      At line 270 in file asm_7seg.s
   Uses
      None
Comment: Handlers unused
HardFault_Handler 00000002

Symbol: HardFault_Handler
   Definitions
      At line 279 in file asm_7seg.s
   Uses
      At line 36 in file asm_7seg.s
      At line 280 in file asm_7seg.s

MemManage_Handler 00000004

Symbol: MemManage_Handler
   Definitions
      At line 284 in file asm_7seg.s
   Uses
      At line 37 in file asm_7seg.s
      At line 285 in file asm_7seg.s

NMI_Handler 00000000

Symbol: NMI_Handler
   Definitions
      At line 274 in file asm_7seg.s
   Uses
      At line 35 in file asm_7seg.s
      At line 275 in file asm_7seg.s

PendSV_Handler 0000000E

Symbol: PendSV_Handler
   Definitions
      At line 307 in file asm_7seg.s
   Uses



ARM Macro Assembler    Page 2 Alphabetic symbol ordering
Relocatable symbols

      At line 47 in file asm_7seg.s
      At line 308 in file asm_7seg.s

SVC_Handler 0000000A

Symbol: SVC_Handler
   Definitions
      At line 298 in file asm_7seg.s
   Uses
      At line 44 in file asm_7seg.s
      At line 299 in file asm_7seg.s

SysTick_Handler 00000010

Symbol: SysTick_Handler
   Definitions
      At line 311 in file asm_7seg.s
   Uses
      At line 48 in file asm_7seg.s
      At line 312 in file asm_7seg.s

UsageFault_Handler 00000008

Symbol: UsageFault_Handler
   Definitions
      At line 294 in file asm_7seg.s
   Uses
      At line 39 in file asm_7seg.s
      At line 295 in file asm_7seg.s

10 symbols



ARM Macro Assembler    Page 1 Alphabetic symbol ordering
Absolute symbols

GPIOA_CRH 40010804

Symbol: GPIOA_CRH
   Definitions
      At line 9 in file asm_7seg.s
   Uses
      None
Comment: GPIOA_CRH unused
GPIOA_CRL 40010800

Symbol: GPIOA_CRL
   Definitions
      At line 8 in file asm_7seg.s
   Uses
      At line 63 in file asm_7seg.s
Comment: GPIOA_CRL used once
GPIOA_IDR 40010808

Symbol: GPIOA_IDR
   Definitions
      At line 10 in file asm_7seg.s
   Uses
      None
Comment: GPIOA_IDR unused
GPIOA_ODR 4001080C

Symbol: GPIOA_ODR
   Definitions
      At line 11 in file asm_7seg.s
   Uses
      At line 66 in file asm_7seg.s
Comment: GPIOA_ODR used once
GPIOB_CRH 40010C04

Symbol: GPIOB_CRH
   Definitions
      At line 13 in file asm_7seg.s
   Uses
      None
Comment: GPIOB_CRH unused
GPIOB_CRL 40010C00

Symbol: GPIOB_CRL
   Definitions
      At line 12 in file asm_7seg.s
   Uses
      None
Comment: GPIOB_CRL unused
GPIOB_IDR 40010C08

Symbol: GPIOB_IDR
   Definitions
      At line 14 in file asm_7seg.s
   Uses
      None
Comment: GPIOB_IDR unused
GPIOB_ODR 40010C0C

Symbol: GPIOB_ODR



ARM Macro Assembler    Page 2 Alphabetic symbol ordering
Absolute symbols

   Definitions
      At line 15 in file asm_7seg.s
   Uses
      None
Comment: GPIOB_ODR unused
RCC_APB2ENR 40021018

Symbol: RCC_APB2ENR
   Definitions
      At line 16 in file asm_7seg.s
   Uses
      At line 59 in file asm_7seg.s
Comment: RCC_APB2ENR used once
Stack_Size 00000400

Symbol: Stack_Size
   Definitions
      At line 6 in file asm_7seg.s
   Uses
      At line 21 in file asm_7seg.s
Comment: Stack_Size used once
10 symbols
364 symbols in table
