


ARM Macro Assembler    Page 1 


    1 00000000         ;*******************************************************
                       ************************
    2 00000000         ; template for asm exerciseÅ@with RAM AREA
    3 00000000         ;*******************************************************
                       ************************
    4 00000000         
    5 00000000         
    6 00000000 00000400 
                       Stack_Size
                               EQU              0x00000400
    7 00000000         
    8 00000000 40010800 
                       GPIOA_CRL
                               EQU              0x40010800
    9 00000000 40010804 
                       GPIOA_CRH
                               EQU              0x40010804
   10 00000000 40010808 
                       GPIOA_IDR
                               EQU              0x40010808
   11 00000000 4001080C 
                       GPIOA_ODR
                               EQU              0x4001080C
   12 00000000 40010C00 
                       GPIOB_CRL
                               EQU              0x40010C00
   13 00000000 40010C04 
                       GPIOB_CRH
                               EQU              0x40010C04
   14 00000000 40010C08 
                       GPIOB_IDR
                               EQU              0x40010C08
   15 00000000 40010C0C 
                       GPIOB_ODR
                               EQU              0x40010C0C
   16 00000000 40021018 
                       RCC_APB2ENR
                               EQU              0x40021018
   17 00000000         
   18 00000000         
   19 00000000         
   20 00000000                 AREA             STACK, NOINIT, READWRITE, ALIGN
=3 
                                                            ;<--STACKÉZÉNÉVÉáÉì
                                                            ÇÕREADWRITEÇ≈RAMè„Ç
                                                            …
   21 00000000         Stack_Mem
                               SPACE            Stack_Size
   22 00000400         __initial_sp
   23 00000400         
   24 00000400         
   25 00000400                 PRESERVE8
   26 00000400                 THUMB
   27 00000400         
   28 00000400         
   29 00000400         ; Vector Table Mapped to Address 0 at Reset
   30 00000400                 AREA             RESET, DATA, READONLY ;<--Ç±Ç±Ç
                                                            ©ÇÁêÊÇÕRESETÉZÉNÉVÉ
                                                            áÉìÇ≈READONLYÇ»ÇÃÇ≈



ARM Macro Assembler    Page 2 


                                                            ROMè„Ç…
   31 00000000                 EXPORT           __Vectors
   32 00000000         
   33 00000000 00000000 
                       __Vectors
                               DCD              __initial_sp ; Top of Stack
   34 00000004 00000000        DCD              Reset_Handler ; Reset Handler
   35 00000008 00000000        DCD              NMI_Handler ; NMI Handler
   36 0000000C 00000000        DCD              HardFault_Handler ; Hard Fault 
                                                            Handler
   37 00000010 00000000        DCD              MemManage_Handler 
                                                            ; MPU Fault Handler
                                                            
   38 00000014 00000000        DCD              BusFault_Handler 
                                                            ; Bus Fault Handler
                                                            
   39 00000018 00000000        DCD              UsageFault_Handler ; Usage Faul
                                                            t Handler
   40 0000001C 00000000        DCD              0           ; Reserved
   41 00000020 00000000        DCD              0           ; Reserved
   42 00000024 00000000        DCD              0           ; Reserved
   43 00000028 00000000        DCD              0           ; Reserved
   44 0000002C 00000000        DCD              SVC_Handler ; SVCall Handler
   45 00000030 00000000        DCD              DebugMon_Handler ; Debug Monito
                                                            r Handler
   46 00000034 00000000        DCD              0           ; Reserved
   47 00000038 00000000        DCD              PendSV_Handler ; PendSV Handler
                                                            
   48 0000003C 00000000        DCD              SysTick_Handler 
                                                            ; SysTick Handler
   49 00000040         
   50 00000040         
   51 00000040                 AREA             |.text|, CODE, READONLY ;<--Ç±Ç
                                                            ±Ç©ÇÁÇÕÉvÉçÉOÉâÉÄÇÃ
                                                            ñ{ëÃÅAREADONLYÇ»ÇÃÇ
                                                            ≈ROMè„Ç…
   52 00000000         
   53 00000000         ; Reset handler
   54 00000000         Reset_Handler
                               PROC
   55 00000000                 EXPORT           Reset_Handler             [WEAK
]
   56 00000000         ; ******************************************************
                       ***************
   57 00000000         ; kadai program is here    
   58 00000000         ; ******************************************************
                       ***************
   59 00000000 4C11            LDR              R4,=RCC_APB2ENR ;É|Å|ÉgÇÃèâä˙âª
                                                            
   60 00000002 F04F 0504       MOV              R5,#0X04
   61 00000006 6025            STR              R5,[R4]
   62 00000008 F04F 3133       LDR              R1,=0X33333333
   63 0000000C 4A0F            LDR              R2,=GPIOA_CRL
   64 0000000E 6011            STR              R1,[R2]
   65 00000010         
   66 00000010 4B0F    LOOP    LDR              R3,=GPIOA_ODR
   67 00000012 F04F 0001       MOV              R0,#0x01
   68 00000016 6018    LOOP1   STR              R0,[R3]
   69 00000018 F000 F80C       BL               DELAY



ARM Macro Assembler    Page 3 


   70 0000001C F000 F80A       BL               DELAY
   71 00000020 EA4F 0040       LSL              R0,#1
   72 00000024 F000 F806       BL               DELAY
   73 00000028 F000 F804       BL               DELAY
   74 0000002C         
   75 0000002C 2880            CMP              R0,#0x80
   76 0000002E D1F2            BNE              LOOP1
   77 00000030 D0EE            BEQ              LOOP
   78 00000032         
   79 00000032 E7FE            B                .
   80 00000034         
   81 00000034         DELAY
   82 00000034         
   83 00000034 B401            PUSH             {R0}
   84 00000036         
   85 00000036 F64F 70FF       LDR              R0,=0xFFFF
   86 0000003A         
   87 0000003A         DELAY_LOOP
   88 0000003A         
   89 0000003A F1A0 0001       SUB              R0,#1
   90 0000003E         
   91 0000003E 2800            CMP              R0,#0
   92 00000040         
   93 00000040 D1FB            BNE              DELAY_LOOP
   94 00000042         
   95 00000042 BC01            POP              {R0}
   96 00000044         
   97 00000044 4770            BX               LR
   98 00000046         
   99 00000046         
  100 00000046         
  101 00000046         ;  ALIGN 4  ; <-- Ç±Ç±Ç≈ÇSÉoÉCÉgãÊêÿÇËÇ…í≤êÆ
  102 00000046         
  103 00000046                 ENDP
  104 00000046         
  105 00000046         ;  AREA MyData, DATA, READWRITE ;<--MyDataÉZÉNÉVÉáÉìÇÕÅA
                       DATAÇ≈RAMè„Ç…
  106 00000046         
  107 00000046         ;ans1  space  8
  108 00000046         ;ans2  space  8
  109 00000046         ;endans
  110 00000046         
  111 00000046         
  112 00000046         
  113 00000046 00 00 40021018 
              40010800 
              4001080C         AREA             Handlers, CODE, READONLY ;<--Ha
                                                            ndlersÉZÉNÉVÉáÉìÇÕR
                                                            OMè„Ç…
  114 00000000         
  115 00000000         ; Dummy Exception Handlers (infinite loops which can be 
                       modified)
  116 00000000         
  117 00000000         NMI_Handler
                               PROC
  118 00000000                 EXPORT           NMI_Handler                [WEA
K]
  119 00000000 E7FE            B                .
  120 00000002                 ENDP



ARM Macro Assembler    Page 4 


  122 00000002         HardFault_Handler
                               PROC
  123 00000002                 EXPORT           HardFault_Handler          [WEA
K]
  124 00000002 E7FE            B                .
  125 00000004                 ENDP
  127 00000004         MemManage_Handler
                               PROC
  128 00000004                 EXPORT           MemManage_Handler          [WEA
K]
  129 00000004 E7FE            B                .
  130 00000006                 ENDP
  132 00000006         BusFault_Handler
                               PROC
  133 00000006                 EXPORT           BusFault_Handler           [WEA
K]
  134 00000006 E7FE            B                .
  135 00000008                 ENDP
  137 00000008         UsageFault_Handler
                               PROC
  138 00000008                 EXPORT           UsageFault_Handler         [WEA
K]
  139 00000008 E7FE            B                .
  140 0000000A                 ENDP
  141 0000000A         SVC_Handler
                               PROC
  142 0000000A                 EXPORT           SVC_Handler                [WEA
K]
  143 0000000A E7FE            B                .
  144 0000000C                 ENDP
  146 0000000C         DebugMon_Handler
                               PROC
  147 0000000C                 EXPORT           DebugMon_Handler           [WEA
K]
  148 0000000C E7FE            B                .
  149 0000000E                 ENDP
  150 0000000E         PendSV_Handler
                               PROC
  151 0000000E                 EXPORT           PendSV_Handler             [WEA
K]
  152 0000000E E7FE            B                .
  153 00000010                 ENDP
  154 00000010         SysTick_Handler
                               PROC
  155 00000010                 EXPORT           SysTick_Handler            [WEA
K]
  156 00000010 E7FE            B                .
  157 00000012                 ENDP
  158 00000012         
  159 00000012         
  160 00000012                 END
Command Line: --debug --xref --diag_suppress=9931 --cpu=Cortex-M3 --apcs=interw
ork --depend=.\objects\shift.d -o.\objects\shift.o -I.\RTE\_Target_1 -IC:\Keil_
v5\ARM\PACK\Keil\STM32F1xx_DFP\2.2.0\Device\Include -IC:\Keil_v5\ARM\CMSIS\Incl
ude --predefine="__UVISION_VERSION SETA 524" --predefine="STM32F10X_MD_VL SETA 
1" --list=.\listings\shift.lst Shift.s



ARM Macro Assembler    Page 1 Alphabetic symbol ordering
Relocatable symbols

STACK 00000000

Symbol: STACK
   Definitions
      At line 20 in file Shift.s
   Uses
      None
Comment: STACK unused
Stack_Mem 00000000

Symbol: Stack_Mem
   Definitions
      At line 21 in file Shift.s
   Uses
      None
Comment: Stack_Mem unused
__initial_sp 00000400

Symbol: __initial_sp
   Definitions
      At line 22 in file Shift.s
   Uses
      At line 33 in file Shift.s
Comment: __initial_sp used once
3 symbols



ARM Macro Assembler    Page 1 Alphabetic symbol ordering
Relocatable symbols

RESET 00000000

Symbol: RESET
   Definitions
      At line 30 in file Shift.s
   Uses
      None
Comment: RESET unused
__Vectors 00000000

Symbol: __Vectors
   Definitions
      At line 33 in file Shift.s
   Uses
      At line 31 in file Shift.s
Comment: __Vectors used once
2 symbols



ARM Macro Assembler    Page 1 Alphabetic symbol ordering
Relocatable symbols

.text 00000000

Symbol: .text
   Definitions
      At line 51 in file Shift.s
   Uses
      None
Comment: .text unused
DELAY 00000034

Symbol: DELAY
   Definitions
      At line 81 in file Shift.s
   Uses
      At line 69 in file Shift.s
      At line 70 in file Shift.s
      At line 72 in file Shift.s
      At line 73 in file Shift.s

DELAY_LOOP 0000003A

Symbol: DELAY_LOOP
   Definitions
      At line 87 in file Shift.s
   Uses
      At line 93 in file Shift.s
Comment: DELAY_LOOP used once
LOOP 00000010

Symbol: LOOP
   Definitions
      At line 66 in file Shift.s
   Uses
      At line 77 in file Shift.s
Comment: LOOP used once
LOOP1 00000016

Symbol: LOOP1
   Definitions
      At line 68 in file Shift.s
   Uses
      At line 76 in file Shift.s
Comment: LOOP1 used once
Reset_Handler 00000000

Symbol: Reset_Handler
   Definitions
      At line 54 in file Shift.s
   Uses
      At line 34 in file Shift.s
      At line 55 in file Shift.s

6 symbols



ARM Macro Assembler    Page 1 Alphabetic symbol ordering
Relocatable symbols

BusFault_Handler 00000006

Symbol: BusFault_Handler
   Definitions
      At line 132 in file Shift.s
   Uses
      At line 38 in file Shift.s
      At line 133 in file Shift.s

DebugMon_Handler 0000000C

Symbol: DebugMon_Handler
   Definitions
      At line 146 in file Shift.s
   Uses
      At line 45 in file Shift.s
      At line 147 in file Shift.s

Handlers 00000000

Symbol: Handlers
   Definitions
      At line 113 in file Shift.s
   Uses
      None
Comment: Handlers unused
HardFault_Handler 00000002

Symbol: HardFault_Handler
   Definitions
      At line 122 in file Shift.s
   Uses
      At line 36 in file Shift.s
      At line 123 in file Shift.s

MemManage_Handler 00000004

Symbol: MemManage_Handler
   Definitions
      At line 127 in file Shift.s
   Uses
      At line 37 in file Shift.s
      At line 128 in file Shift.s

NMI_Handler 00000000

Symbol: NMI_Handler
   Definitions
      At line 117 in file Shift.s
   Uses
      At line 35 in file Shift.s
      At line 118 in file Shift.s

PendSV_Handler 0000000E

Symbol: PendSV_Handler
   Definitions
      At line 150 in file Shift.s
   Uses



ARM Macro Assembler    Page 2 Alphabetic symbol ordering
Relocatable symbols

      At line 47 in file Shift.s
      At line 151 in file Shift.s

SVC_Handler 0000000A

Symbol: SVC_Handler
   Definitions
      At line 141 in file Shift.s
   Uses
      At line 44 in file Shift.s
      At line 142 in file Shift.s

SysTick_Handler 00000010

Symbol: SysTick_Handler
   Definitions
      At line 154 in file Shift.s
   Uses
      At line 48 in file Shift.s
      At line 155 in file Shift.s

UsageFault_Handler 00000008

Symbol: UsageFault_Handler
   Definitions
      At line 137 in file Shift.s
   Uses
      At line 39 in file Shift.s
      At line 138 in file Shift.s

10 symbols



ARM Macro Assembler    Page 1 Alphabetic symbol ordering
Absolute symbols

GPIOA_CRH 40010804

Symbol: GPIOA_CRH
   Definitions
      At line 9 in file Shift.s
   Uses
      None
Comment: GPIOA_CRH unused
GPIOA_CRL 40010800

Symbol: GPIOA_CRL
   Definitions
      At line 8 in file Shift.s
   Uses
      At line 63 in file Shift.s
Comment: GPIOA_CRL used once
GPIOA_IDR 40010808

Symbol: GPIOA_IDR
   Definitions
      At line 10 in file Shift.s
   Uses
      None
Comment: GPIOA_IDR unused
GPIOA_ODR 4001080C

Symbol: GPIOA_ODR
   Definitions
      At line 11 in file Shift.s
   Uses
      At line 66 in file Shift.s
Comment: GPIOA_ODR used once
GPIOB_CRH 40010C04

Symbol: GPIOB_CRH
   Definitions
      At line 13 in file Shift.s
   Uses
      None
Comment: GPIOB_CRH unused
GPIOB_CRL 40010C00

Symbol: GPIOB_CRL
   Definitions
      At line 12 in file Shift.s
   Uses
      None
Comment: GPIOB_CRL unused
GPIOB_IDR 40010C08

Symbol: GPIOB_IDR
   Definitions
      At line 14 in file Shift.s
   Uses
      None
Comment: GPIOB_IDR unused
GPIOB_ODR 40010C0C

Symbol: GPIOB_ODR



ARM Macro Assembler    Page 2 Alphabetic symbol ordering
Absolute symbols

   Definitions
      At line 15 in file Shift.s
   Uses
      None
Comment: GPIOB_ODR unused
RCC_APB2ENR 40021018

Symbol: RCC_APB2ENR
   Definitions
      At line 16 in file Shift.s
   Uses
      At line 59 in file Shift.s
Comment: RCC_APB2ENR used once
Stack_Size 00000400

Symbol: Stack_Size
   Definitions
      At line 6 in file Shift.s
   Uses
      At line 21 in file Shift.s
Comment: Stack_Size used once
10 symbols
365 symbols in table
